[debug] [2022-06-15T16:34:53.871Z] ----------------------------------------------------------------------
[debug] [2022-06-15T16:34:53.872Z] Command:       /Users/tlavelle/.nvm/versions/node/v16.15.1/bin/node /Users/tlavelle/Projects/storage-emulator/node_modules/.bin/firebase emulators:exec --project sample react-scripts test
[debug] [2022-06-15T16:34:53.872Z] CLI Version:   11.1.0
[debug] [2022-06-15T16:34:53.872Z] Platform:      darwin
[debug] [2022-06-15T16:34:53.872Z] Node Version:  v16.15.1
[debug] [2022-06-15T16:34:53.873Z] Time:          Wed Jun 15 2022 12:34:53 GMT-0400 (Eastern Daylight Time)
[debug] [2022-06-15T16:34:53.873Z] ----------------------------------------------------------------------
[debug] 
[debug] [2022-06-15T16:34:53.901Z] Object "" in "firebase.json" has unknown property: {"additionalProperty":"//"}
[debug] [2022-06-15T16:34:53.903Z] > command requires scopes: ["email","openid","https://www.googleapis.com/auth/cloudplatformprojects.readonly","https://www.googleapis.com/auth/firebase","https://www.googleapis.com/auth/cloud-platform"]
[debug] [2022-06-15T16:34:53.903Z] > authorizing via signed-in user (tlavelle@google.com)
[debug] [2022-06-15T16:34:53.933Z] openjdk version "17.0.2" 2022-01-18

[debug] [2022-06-15T16:34:53.934Z] OpenJDK Runtime Environment Homebrew (build 17.0.2+0)
OpenJDK 64-Bit Server VM Homebrew (build 17.0.2+0, mixed mode, sharing)

[debug] [2022-06-15T16:34:53.936Z] Parsed Java major version: 17
[info] i  emulators: Starting emulators: auth, functions, firestore, database, hosting, pubsub, storage {"metadata":{"emulator":{"name":"hub"},"message":"Starting emulators: auth, functions, firestore, database, hosting, pubsub, storage"}}
[debug] [2022-06-15T16:34:53.943Z] [hub] writing locator at /var/folders/fl/3893cpw51xqg2kwfsvkt3pj000bkh1/T/hub-sample.json
[warn] ⚠  functions: The functions emulator is configured but there is no functions source directory. Have you run firebase init functions? {"metadata":{"emulator":{"name":"functions"},"message":"The functions emulator is configured but there is no functions source directory. Have you run \u001b[1mfirebase init functions\u001b[22m?"}}
[warn] ⚠  firestore: Did not find a Cloud Firestore rules file specified in a firebase.json config file. {"metadata":{"emulator":{"name":"firestore"},"message":"Did not find a Cloud Firestore rules file specified in a firebase.json config file."}}
[warn] ⚠  firestore: The emulator will default to allowing all reads and writes. Learn more about this option: https://firebase.google.com/docs/emulator-suite/install_and_configure#security_rules_configuration. {"metadata":{"emulator":{"name":"firestore"},"message":"The emulator will default to allowing all reads and writes. Learn more about this option: https://firebase.google.com/docs/emulator-suite/install_and_configure#security_rules_configuration."}}
[debug] [2022-06-15T16:34:53.948Z] Ignoring unsupported arg: projectId {"metadata":{"emulator":{"name":"firestore"},"message":"Ignoring unsupported arg: projectId"}}
[debug] [2022-06-15T16:34:53.948Z] Ignoring unsupported arg: auto_download {"metadata":{"emulator":{"name":"firestore"},"message":"Ignoring unsupported arg: auto_download"}}
[debug] [2022-06-15T16:34:53.948Z] Starting Firestore Emulator with command {"binary":"java","args":["-Dgoogle.cloud_firestore.debug_log_level=FINE","-Duser.language=en","-jar","/Users/tlavelle/.cache/firebase/emulators/cloud-firestore-emulator-v1.14.3.jar","--host","localhost","--port",8081],"optionalArgs":["port","webchannel_port","host","rules","functions_emulator","seed_from_export"],"joinArgs":false} {"metadata":{"emulator":{"name":"firestore"},"message":"Starting Firestore Emulator with command {\"binary\":\"java\",\"args\":[\"-Dgoogle.cloud_firestore.debug_log_level=FINE\",\"-Duser.language=en\",\"-jar\",\"/Users/tlavelle/.cache/firebase/emulators/cloud-firestore-emulator-v1.14.3.jar\",\"--host\",\"localhost\",\"--port\",8081],\"optionalArgs\":[\"port\",\"webchannel_port\",\"host\",\"rules\",\"functions_emulator\",\"seed_from_export\"],\"joinArgs\":false}"}}
[info] i  firestore: Firestore Emulator logging to firestore-debug.log {"metadata":{"emulator":{"name":"firestore"},"message":"Firestore Emulator logging to \u001b[1mfirestore-debug.log\u001b[22m"}}
[debug] [2022-06-15T16:34:54.405Z] Jun 15, 2022 12:34:54 PM com.google.cloud.datastore.emulator.firestore.websocket.WebSocketServer start
INFO: Started WebSocket server on ws://localhost:61746
 {"metadata":{"emulator":{"name":"firestore"},"message":"Jun 15, 2022 12:34:54 PM com.google.cloud.datastore.emulator.firestore.websocket.WebSocketServer start\nINFO: Started WebSocket server on ws://localhost:61746\n"}}
[debug] [2022-06-15T16:34:54.414Z] API endpoint: http:// {"metadata":{"emulator":{"name":"firestore"},"message":"API endpoint: http://"}}
[debug] [2022-06-15T16:34:54.414Z] localhost:8081
If you are using a library that supports the FIRESTORE_EMULATOR_HOST environment variable, run:

   export FIRESTORE_EMULATOR_HOST=localhost:8081

Dev App Server is now running.

 {"metadata":{"emulator":{"name":"firestore"},"message":"localhost:8081\nIf you are using a library that supports the FIRESTORE_EMULATOR_HOST environment variable, run:\n\n   export FIRESTORE_EMULATOR_HOST=localhost:8081\n\nDev App Server is now running.\n\n"}}
[debug] [2022-06-15T16:34:54.464Z] >>> [apiv2][query] GET https://firebase.googleapis.com/v1beta1/projects/sample [none]
[debug] [2022-06-15T16:34:54.845Z] <<< [apiv2][status] GET https://firebase.googleapis.com/v1beta1/projects/sample 403
[debug] [2022-06-15T16:34:54.845Z] <<< [apiv2][body] GET https://firebase.googleapis.com/v1beta1/projects/sample {"error":{"code":403,"message":"The caller does not have permission","status":"PERMISSION_DENIED"}}
[debug] [2022-06-15T16:34:54.845Z] HTTP Error: 403, The caller does not have permission
[debug] [2022-06-15T16:34:54.845Z] Failed to retrieve default database instance: {"name":"FirebaseError","children":[],"exit":2,"message":"Failed to get Firebase project sample. Please make sure the project exists and your account has permission to access it.","original":{"name":"FirebaseError","children":[],"context":{"body":{"error":{"code":403,"message":"The caller does not have permission","status":"PERMISSION_DENIED"}},"response":{"statusCode":403}},"exit":1,"message":"HTTP Error: 403, The caller does not have permission","status":403},"status":500} {"metadata":{"emulator":{"name":"database"},"message":"Failed to retrieve default database instance: {\"name\":\"FirebaseError\",\"children\":[],\"exit\":2,\"message\":\"Failed to get Firebase project sample. Please make sure the project exists and your account has permission to access it.\",\"original\":{\"name\":\"FirebaseError\",\"children\":[],\"context\":{\"body\":{\"error\":{\"code\":403,\"message\":\"The caller does not have permission\",\"status\":\"PERMISSION_DENIED\"}},\"response\":{\"statusCode\":403}},\"exit\":1,\"message\":\"HTTP Error: 403, The caller does not have permission\",\"status\":403},\"status\":500}"}}
[debug] [2022-06-15T16:34:54.846Z] database rules config:  []
[warn] ⚠  database: Did not find a Realtime Database rules file specified in a firebase.json config file. The emulator will default to allowing all reads and writes. Learn more about this option: https://firebase.google.com/docs/emulator-suite/install_and_configure#security_rules_configuration. {"metadata":{"emulator":{"name":"database"},"message":"Did not find a Realtime Database rules file specified in a firebase.json config file. The emulator will default to allowing all reads and writes. Learn more about this option: https://firebase.google.com/docs/emulator-suite/install_and_configure#security_rules_configuration."}}
[debug] [2022-06-15T16:34:54.847Z] Ignoring unsupported arg: projectId {"metadata":{"emulator":{"name":"database"},"message":"Ignoring unsupported arg: projectId"}}
[debug] [2022-06-15T16:34:54.847Z] Ignoring unsupported arg: auto_download {"metadata":{"emulator":{"name":"database"},"message":"Ignoring unsupported arg: auto_download"}}
[debug] [2022-06-15T16:34:54.847Z] Ignoring unsupported arg: rules {"metadata":{"emulator":{"name":"database"},"message":"Ignoring unsupported arg: rules"}}
[debug] [2022-06-15T16:34:54.847Z] Starting Database Emulator with command {"binary":"java","args":["-Duser.language=en","-jar","/Users/tlavelle/.cache/firebase/emulators/firebase-database-emulator-v4.8.0.jar","--host","localhost","--port",9000],"optionalArgs":["port","host","functions_emulator_port","functions_emulator_host"],"joinArgs":false} {"metadata":{"emulator":{"name":"database"},"message":"Starting Database Emulator with command {\"binary\":\"java\",\"args\":[\"-Duser.language=en\",\"-jar\",\"/Users/tlavelle/.cache/firebase/emulators/firebase-database-emulator-v4.8.0.jar\",\"--host\",\"localhost\",\"--port\",9000],\"optionalArgs\":[\"port\",\"host\",\"functions_emulator_port\",\"functions_emulator_host\"],\"joinArgs\":false}"}}
[info] i  database: Database Emulator logging to database-debug.log {"metadata":{"emulator":{"name":"database"},"message":"Database Emulator logging to \u001b[1mdatabase-debug.log\u001b[22m"}}
[debug] [2022-06-15T16:34:55.447Z] 12:34:55.446 [NamespaceSystem-akka.actor.default-dispatcher-4] INFO akka.event.slf4j.Slf4jLogger - Slf4jLogger started
 {"metadata":{"emulator":{"name":"database"},"message":"12:34:55.446 [NamespaceSystem-akka.actor.default-dispatcher-4] INFO akka.event.slf4j.Slf4jLogger - Slf4jLogger started\n"}}
[debug] [2022-06-15T16:34:55.533Z] 12:34:55.533 [main] INFO com.firebase.server.forge.App$ - Listening at localhost:9000
 {"metadata":{"emulator":{"name":"database"},"message":"12:34:55.533 [main] INFO com.firebase.server.forge.App$ - Listening at localhost:9000\n"}}
[debug] [2022-06-15T16:34:58.639Z] Ignoring unsupported arg: projectId {"metadata":{"emulator":{"name":"pubsub"},"message":"Ignoring unsupported arg: projectId"}}
[debug] [2022-06-15T16:34:58.639Z] Ignoring unsupported arg: auto_download {"metadata":{"emulator":{"name":"pubsub"},"message":"Ignoring unsupported arg: auto_download"}}
[debug] [2022-06-15T16:34:58.639Z] Starting Pub/Sub Emulator with command {"binary":"/Users/tlavelle/.cache/firebase/emulators/pubsub-emulator-0.1.0/pubsub-emulator/bin/cloud-pubsub-emulator","args":["--host=localhost","--port=8085"],"optionalArgs":["port","host"],"joinArgs":true} {"metadata":{"emulator":{"name":"pubsub"},"message":"Starting Pub/Sub Emulator with command {\"binary\":\"/Users/tlavelle/.cache/firebase/emulators/pubsub-emulator-0.1.0/pubsub-emulator/bin/cloud-pubsub-emulator\",\"args\":[\"--host=localhost\",\"--port=8085\"],\"optionalArgs\":[\"port\",\"host\"],\"joinArgs\":true}"}}
[info] i  pubsub: Pub/Sub Emulator logging to pubsub-debug.log {"metadata":{"emulator":{"name":"pubsub"},"message":"Pub/Sub Emulator logging to \u001b[1mpubsub-debug.log\u001b[22m"}}
[debug] [2022-06-15T16:34:58.741Z] This is the Google Pub/Sub fake.
Implementation may be incomplete or differ from the real system.
 {"metadata":{"emulator":{"name":"pubsub"},"message":"This is the Google Pub/Sub fake.\nImplementation may be incomplete or differ from the real system.\n"}}
[debug] [2022-06-15T16:34:58.763Z] Jun 15, 2022 12:34:58 PM com.google.cloud.pubsub.testing.v1.Main main
INFO: IAM integration is disabled. IAM policy methods and ACL checks are not supported
 {"metadata":{"emulator":{"name":"pubsub"},"message":"Jun 15, 2022 12:34:58 PM com.google.cloud.pubsub.testing.v1.Main main\nINFO: IAM integration is disabled. IAM policy methods and ACL checks are not supported\n"}}
[debug] [2022-06-15T16:34:58.952Z] Jun 15, 2022 12:34:58 PM io.gapi.emulators.netty.NettyUtil applyJava7LongHostnameWorkaround
INFO: Unable to apply Java 7 long hostname workaround.
 {"metadata":{"emulator":{"name":"pubsub"},"message":"Jun 15, 2022 12:34:58 PM io.gapi.emulators.netty.NettyUtil applyJava7LongHostnameWorkaround\nINFO: Unable to apply Java 7 long hostname workaround.\n"}}
[debug] [2022-06-15T16:34:58.990Z] Jun 15, 2022 12:34:58 PM com.google.cloud.pubsub.testing.v1.Main main
INFO: Server started, listening on 8085
 {"metadata":{"emulator":{"name":"pubsub"},"message":"Jun 15, 2022 12:34:58 PM com.google.cloud.pubsub.testing.v1.Main main\nINFO: Server started, listening on 8085\n"}}
[debug] [2022-06-15T16:34:59.185Z] Ignoring unsupported arg: port {"metadata":{"emulator":{"name":"storage"},"message":"Ignoring unsupported arg: port"}}
[debug] [2022-06-15T16:34:59.237Z] Jun 15, 2022 12:34:59 PM io.gapi.emulators.grpc.GrpcServer$3 operationComplete
INFO: Adding handler(s) to newly registered Channel.
 {"metadata":{"emulator":{"name":"pubsub"},"message":"Jun 15, 2022 12:34:59 PM io.gapi.emulators.grpc.GrpcServer$3 operationComplete\nINFO: Adding handler(s) to newly registered Channel.\n"}}
[debug] [2022-06-15T16:34:59.582Z] Temp file directory for storage emulator: /var/folders/fl/3893cpw51xqg2kwfsvkt3pj000bkh1/T/firebase/storage/blobs {"metadata":{"emulator":{"name":"storage"},"message":"Temp file directory for storage emulator: /var/folders/fl/3893cpw51xqg2kwfsvkt3pj000bkh1/T/firebase/storage/blobs"}}
[warn] ⚠  hosting: The hosting emulator is configured but there is no hosting configuration. Have you run firebase init hosting? {"metadata":{"emulator":{"name":"hosting"},"message":"The hosting emulator is configured but there is no hosting configuration. Have you run \u001b[1mfirebase init hosting\u001b[22m?"}}
[info] i  Running script: react-scripts test 
[debug] [2022-06-15T16:34:59.854Z] Running react-scripts test with environment {"NVM_INC":"/Users/tlavelle/.nvm/versions/node/v16.15.1/include/node","MANPATH":"/Users/tlavelle/.nvm/versions/node/v16.15.1/share/man:/opt/homebrew/share/man::","TERM_PROGRAM":"vscode","NODE":"/Users/tlavelle/.nvm/versions/node/v16.15.1/bin/node","INIT_CWD":"/Users/tlavelle/Projects/storage-emulator","NVM_CD_FLAGS":"-q","TERM":"xterm-256color","SHELL":"/bin/zsh","npm_config_metrics_registry":"https://registry.npmjs.org/","HOMEBREW_REPOSITORY":"/opt/homebrew","TMPDIR":"/var/folders/fl/3893cpw51xqg2kwfsvkt3pj000bkh1/T/","npm_config_global_prefix":"/Users/tlavelle/.nvm/versions/node/v16.15.1","TERM_PROGRAM_VERSION":"1.68.0","ORIGINAL_XDG_CURRENT_DESKTOP":"undefined","COLOR":"1","npm_config_noproxy":"","npm_config_local_prefix":"/Users/tlavelle/Projects/storage-emulator","ZSH":"/Users/tlavelle/.oh-my-zsh","NVM_DIR":"/Users/tlavelle/.nvm","USER":"tlavelle","COMMAND_MODE":"unix2003","npm_config_globalconfig":"/Users/tlavelle/.nvm/versions/node/v16.15.1/etc/npmrc","SSH_AUTH_SOCK":"/private/tmp/com.apple.launchd.Y4DKSKZGTT/Listeners","__CF_USER_TEXT_ENCODING":"0x5CA01:0x0:0x0","npm_execpath":"/Users/tlavelle/.nvm/versions/node/v16.15.1/lib/node_modules/npm/bin/npm-cli.js","PAGER":"less","LSCOLORS":"Gxfxcxdxbxegedabagacad","SK_SIGNING_PLUGIN":"gnubbyagent","PATH":"/Users/tlavelle/Projects/storage-emulator/node_modules/.bin:/Users/tlavelle/Projects/node_modules/.bin:/Users/tlavelle/node_modules/.bin:/Users/node_modules/.bin:/node_modules/.bin:/Users/tlavelle/.nvm/versions/node/v16.15.1/lib/node_modules/npm/node_modules/@npmcli/run-script/lib/node-gyp-bin:/Users/tlavelle/google-cloud-sdk/bin:/opt/homebrew/opt/openjdk/bin:/Users/tlavelle/.nvm/versions/node/v16.15.1/bin:/opt/homebrew/bin:/opt/homebrew/sbin:/usr/local/git/current/bin:/usr/local/bin:/usr/bin:/bin:/usr/local/sbin:/usr/sbin:/sbin:/usr/local/go/bin","npm_package_json":"/Users/tlavelle/Projects/storage-emulator/package.json","_":"/Users/tlavelle/Projects/storage-emulator/node_modules/.bin/firebase","LaunchInstanceID":"8B3EC5CF-9B6D-4F4D-B8B7-13BE57346BA7","npm_config_userconfig":"/Users/tlavelle/.npmrc","npm_config_init_module":"/Users/tlavelle/.npm-init.js","__CFBundleIdentifier":"com.microsoft.VSCode","npm_command":"test","PWD":"/Users/tlavelle/Projects/storage-emulator","npm_lifecycle_event":"test","EDITOR":"vi","npm_package_name":"storage-emulator","LANG":"en_US.UTF-8","VSCODE_GIT_ASKPASS_EXTRA_ARGS":"--ms-enable-electron-run-as-node","XPC_FLAGS":"0x0","npm_config_node_gyp":"/Users/tlavelle/.nvm/versions/node/v16.15.1/lib/node_modules/npm/node_modules/node-gyp/bin/node-gyp.js","npm_package_version":"0.1.0","XPC_SERVICE_NAME":"0","SHLVL":"2","HOME":"/Users/tlavelle","VSCODE_GIT_ASKPASS_MAIN":"/Applications/Visual Studio Code.app/Contents/Resources/app/extensions/git/dist/askpass-main.js","HOMEBREW_PREFIX":"/opt/homebrew","npm_config_cache":"/Users/tlavelle/.npm","LESS":"-R","LOGNAME":"tlavelle","npm_lifecycle_script":"firebase emulators:exec --project sample 'react-scripts test'","VSCODE_GIT_IPC_HANDLE":"/var/folders/fl/3893cpw51xqg2kwfsvkt3pj000bkh1/T/vscode-git-54571be1fb.sock","NVM_BIN":"/Users/tlavelle/.nvm/versions/node/v16.15.1/bin","npm_config_user_agent":"npm/8.11.0 node/v16.15.1 darwin arm64 workspaces/false","INFOPATH":"/opt/homebrew/share/info:","HOMEBREW_CELLAR":"/opt/homebrew/Cellar","GIT_ASKPASS":"/Applications/Visual Studio Code.app/Contents/Resources/app/extensions/git/dist/askpass.sh","VSCODE_GIT_ASKPASS_NODE":"/Applications/Visual Studio Code.app/Contents/Frameworks/Code Helper.app/Contents/MacOS/Code Helper","SECURITYSESSIONID":"186b1","npm_node_execpath":"/Users/tlavelle/.nvm/versions/node/v16.15.1/bin/node","npm_config_prefix":"/Users/tlavelle/.nvm/versions/node/v16.15.1","COLORTERM":"truecolor","IS_FIREBASE_CLI":"true","GCLOUD_PROJECT":"sample","FIREBASE_DATABASE_EMULATOR_HOST":"localhost:9000","FIRESTORE_EMULATOR_HOST":"localhost:8081","FIREBASE_FIRESTORE_EMULATOR_ADDRESS":"localhost:8081","FIREBASE_STORAGE_EMULATOR_HOST":"localhost:9199","STORAGE_EMULATOR_HOST":"http://localhost:9199","FIREBASE_AUTH_EMULATOR_HOST":"localhost:9099","FIREBASE_EMULATOR_HUB":"localhost:4400"}
